F:\Repos\tem-mesa-livre\TemMesaLivre.WebSite\dist\out-tsc\e2e\app.po.js
F:\Repos\tem-mesa-livre\TemMesaLivre.WebSite\dist\out-tsc\e2e\app.po.js.map
F:\Repos\tem-mesa-livre\TemMesaLivre.WebSite\dist\out-tsc\e2e\app.e2e-spec.js
F:\Repos\tem-mesa-livre\TemMesaLivre.WebSite\dist\out-tsc\e2e\app.e2e-spec.js.map
F:\Repos\tem-mesa-livre\TemMesaLivre.WebSite\dist\out-tsc\src\app\app.component.js
F:\Repos\tem-mesa-livre\TemMesaLivre.WebSite\dist\out-tsc\src\app\app.component.js.map
F:\Repos\tem-mesa-livre\TemMesaLivre.WebSite\dist\out-tsc\src\app\app.module.js
F:\Repos\tem-mesa-livre\TemMesaLivre.WebSite\dist\out-tsc\src\app\app.module.js.map
F:\Repos\tem-mesa-livre\TemMesaLivre.WebSite\dist\out-tsc\src\environments\environment.js
F:\Repos\tem-mesa-livre\TemMesaLivre.WebSite\dist\out-tsc\src\environments\environment.js.map
F:\Repos\tem-mesa-livre\TemMesaLivre.WebSite\dist\out-tsc\src\main.js
F:\Repos\tem-mesa-livre\TemMesaLivre.WebSite\dist\out-tsc\src\main.js.map
F:\Repos\tem-mesa-livre\TemMesaLivre.WebSite\dist\out-tsc\src\polyfills.js
F:\Repos\tem-mesa-livre\TemMesaLivre.WebSite\dist\out-tsc\src\polyfills.js.map
F:\Repos\tem-mesa-livre\TemMesaLivre.WebSite\dist\out-tsc\src\test.js
F:\Repos\tem-mesa-livre\TemMesaLivre.WebSite\dist\out-tsc\src\test.js.map
F:\Repos\tem-mesa-livre\TemMesaLivre.WebSite\dist\out-tsc\src\app\app.component.spec.js
F:\Repos\tem-mesa-livre\TemMesaLivre.WebSite\dist\out-tsc\src\app\app.component.spec.js.map
F:\Repos\tem-mesa-livre\TemMesaLivre.WebSite\dist\out-tsc\src\environments\environment.prod.js
F:\Repos\tem-mesa-livre\TemMesaLivre.WebSite\dist\out-tsc\src\environments\environment.prod.js.map
